<?xml version="1.0" encoding="UTF-8"?>
<testsuite name="kata.DumbTest" tests="1" skipped="0" failures="0" errors="0" timestamp="2021-03-25T14:11:02" hostname="jordi-XPS-13-7390" time="0.053">
  <properties/>
  <testcase name="just a dumb test()" classname="kata.DumbTest" time="0.053"/>
  <system-out><![CDATA[]]></system-out>
  <system-err><![CDATA[]]></system-err>
</testsuite>
